INFO [2020-10-15 01:54:08] $x
INFO [2020-10-15 01:54:08] list(set1, set2)
INFO [2020-10-15 01:54:08] 
INFO [2020-10-15 01:54:08] $category.names
INFO [2020-10-15 01:54:08] c("Baseline", "Recurrent")
INFO [2020-10-15 01:54:08] 
INFO [2020-10-15 01:54:08] $filename
INFO [2020-10-15 01:54:08] [1] "venn_diagram/Venn.tiff"
INFO [2020-10-15 01:54:08] 
INFO [2020-10-15 01:54:08] $imagetype
INFO [2020-10-15 01:54:08] [1] "tiff"
INFO [2020-10-15 01:54:08] 
INFO [2020-10-15 01:54:08] $resolution
INFO [2020-10-15 01:54:08] [1] 110
INFO [2020-10-15 01:54:08] 
INFO [2020-10-15 01:54:08] $compression
INFO [2020-10-15 01:54:08] [1] "lzw"
INFO [2020-10-15 01:54:08] 
INFO [2020-10-15 01:54:08] $cex
INFO [2020-10-15 01:54:08] [1] 8
INFO [2020-10-15 01:54:08] 
INFO [2020-10-15 01:54:08] $cat.cex
INFO [2020-10-15 01:54:08] [1] 8
INFO [2020-10-15 01:54:08] 
INFO [2020-10-15 01:54:08] $fill
INFO [2020-10-15 01:54:08] c("#1B9E77", "#E7298A")
INFO [2020-10-15 01:54:08] 
INFO [2020-10-15 01:54:08] $cat.pos
INFO [2020-10-15 01:54:08] c(-1, 2)
INFO [2020-10-15 01:54:08] 
INFO [2020-10-15 01:54:08] $cat.default.pos
INFO [2020-10-15 01:54:08] [1] "text"
INFO [2020-10-15 01:54:08] 
INFO [2020-10-15 01:54:08] $cat.dist
INFO [2020-10-15 01:54:08] c(0.16, 0.18)
INFO [2020-10-15 01:54:08] 
INFO [2020-10-15 01:54:08] $width
INFO [2020-10-15 01:54:08] [1] 3000
INFO [2020-10-15 01:54:08] 
