INFO [2020-10-15 12:23:07] $x
INFO [2020-10-15 12:23:07] list(set1, set2)
INFO [2020-10-15 12:23:07] 
INFO [2020-10-15 12:23:07] $category.names
INFO [2020-10-15 12:23:07] c("Baseline", "Recurrent")
INFO [2020-10-15 12:23:07] 
INFO [2020-10-15 12:23:07] $filename
INFO [2020-10-15 12:23:07] [1] "Venn.tiff"
INFO [2020-10-15 12:23:07] 
INFO [2020-10-15 12:23:07] $imagetype
INFO [2020-10-15 12:23:07] [1] "tiff"
INFO [2020-10-15 12:23:07] 
INFO [2020-10-15 12:23:07] $resolution
INFO [2020-10-15 12:23:07] [1] 110
INFO [2020-10-15 12:23:07] 
INFO [2020-10-15 12:23:07] $compression
INFO [2020-10-15 12:23:07] [1] "lzw"
INFO [2020-10-15 12:23:07] 
INFO [2020-10-15 12:23:07] $cex
INFO [2020-10-15 12:23:07] [1] 8
INFO [2020-10-15 12:23:07] 
INFO [2020-10-15 12:23:07] $cat.cex
INFO [2020-10-15 12:23:07] [1] 8
INFO [2020-10-15 12:23:07] 
INFO [2020-10-15 12:23:07] $fill
INFO [2020-10-15 12:23:07] c("#1B9E77", "#E7298A")
INFO [2020-10-15 12:23:07] 
INFO [2020-10-15 12:23:07] $cat.pos
INFO [2020-10-15 12:23:07] c(-3, 2)
INFO [2020-10-15 12:23:07] 
INFO [2020-10-15 12:23:07] $cat.default.pos
INFO [2020-10-15 12:23:07] [1] "text"
INFO [2020-10-15 12:23:07] 
INFO [2020-10-15 12:23:07] $cat.dist
INFO [2020-10-15 12:23:07] c(0.16, 0.16)
INFO [2020-10-15 12:23:07] 
INFO [2020-10-15 12:23:07] $width
INFO [2020-10-15 12:23:07] [1] 3000
INFO [2020-10-15 12:23:07] 
