INFO [2020-10-15 02:11:57] $x
INFO [2020-10-15 02:11:57] list(set1, set2)
INFO [2020-10-15 02:11:57] 
INFO [2020-10-15 02:11:57] $category.names
INFO [2020-10-15 02:11:57] c("Baseline", "Recurrent")
INFO [2020-10-15 02:11:57] 
INFO [2020-10-15 02:11:57] $filename
INFO [2020-10-15 02:11:57] [1] "output_files/TIFFs/Venn_diagram/Venn.tiff"
INFO [2020-10-15 02:11:57] 
INFO [2020-10-15 02:11:57] $imagetype
INFO [2020-10-15 02:11:57] [1] "tiff"
INFO [2020-10-15 02:11:57] 
INFO [2020-10-15 02:11:57] $resolution
INFO [2020-10-15 02:11:57] [1] 110
INFO [2020-10-15 02:11:57] 
INFO [2020-10-15 02:11:57] $compression
INFO [2020-10-15 02:11:57] [1] "lzw"
INFO [2020-10-15 02:11:57] 
INFO [2020-10-15 02:11:57] $cex
INFO [2020-10-15 02:11:57] [1] 8
INFO [2020-10-15 02:11:57] 
INFO [2020-10-15 02:11:57] $cat.cex
INFO [2020-10-15 02:11:57] [1] 8
INFO [2020-10-15 02:11:57] 
INFO [2020-10-15 02:11:57] $fill
INFO [2020-10-15 02:11:57] c("#1B9E77", "#E7298A")
INFO [2020-10-15 02:11:57] 
INFO [2020-10-15 02:11:57] $cat.pos
INFO [2020-10-15 02:11:57] c(-1, 2)
INFO [2020-10-15 02:11:57] 
INFO [2020-10-15 02:11:57] $cat.default.pos
INFO [2020-10-15 02:11:57] [1] "text"
INFO [2020-10-15 02:11:57] 
INFO [2020-10-15 02:11:57] $cat.dist
INFO [2020-10-15 02:11:57] c(0.16, 0.18)
INFO [2020-10-15 02:11:57] 
INFO [2020-10-15 02:11:57] $width
INFO [2020-10-15 02:11:57] [1] 3000
INFO [2020-10-15 02:11:57] 
