INFO [2020-10-15 14:24:45] $x
INFO [2020-10-15 14:24:45] list(set1, set2)
INFO [2020-10-15 14:24:45] 
INFO [2020-10-15 14:24:45] $category.names
INFO [2020-10-15 14:24:45] c("Baseline", "Recurrent")
INFO [2020-10-15 14:24:45] 
INFO [2020-10-15 14:24:45] $filename
INFO [2020-10-15 14:24:45] [1] "Venn.tiff"
INFO [2020-10-15 14:24:45] 
INFO [2020-10-15 14:24:45] $imagetype
INFO [2020-10-15 14:24:45] [1] "tiff"
INFO [2020-10-15 14:24:45] 
INFO [2020-10-15 14:24:45] $resolution
INFO [2020-10-15 14:24:45] [1] 110
INFO [2020-10-15 14:24:45] 
INFO [2020-10-15 14:24:45] $compression
INFO [2020-10-15 14:24:45] [1] "lzw"
INFO [2020-10-15 14:24:45] 
INFO [2020-10-15 14:24:45] $cex
INFO [2020-10-15 14:24:45] [1] 8
INFO [2020-10-15 14:24:45] 
INFO [2020-10-15 14:24:45] $cat.cex
INFO [2020-10-15 14:24:45] [1] 8
INFO [2020-10-15 14:24:45] 
INFO [2020-10-15 14:24:45] $fill
INFO [2020-10-15 14:24:45] c("#1B9E77", "#E7298A")
INFO [2020-10-15 14:24:45] 
INFO [2020-10-15 14:24:45] $cat.pos
INFO [2020-10-15 14:24:45] c(-3, 2)
INFO [2020-10-15 14:24:45] 
INFO [2020-10-15 14:24:45] $cat.default.pos
INFO [2020-10-15 14:24:45] [1] "text"
INFO [2020-10-15 14:24:45] 
INFO [2020-10-15 14:24:45] $cat.dist
INFO [2020-10-15 14:24:45] c(0.16, 0.17)
INFO [2020-10-15 14:24:45] 
INFO [2020-10-15 14:24:45] $width
INFO [2020-10-15 14:24:45] [1] 3000
INFO [2020-10-15 14:24:45] 
