INFO [2020-10-15 02:17:36] $x
INFO [2020-10-15 02:17:36] list(set1, set2)
INFO [2020-10-15 02:17:36] 
INFO [2020-10-15 02:17:36] $category.names
INFO [2020-10-15 02:17:36] c("Baseline", "Recurrent")
INFO [2020-10-15 02:17:36] 
INFO [2020-10-15 02:17:36] $filename
INFO [2020-10-15 02:17:36] [1] "output_files/TIFFs/Venn_diagram/Venn.tiff"
INFO [2020-10-15 02:17:36] 
INFO [2020-10-15 02:17:36] $imagetype
INFO [2020-10-15 02:17:36] [1] "tiff"
INFO [2020-10-15 02:17:36] 
INFO [2020-10-15 02:17:36] $resolution
INFO [2020-10-15 02:17:36] [1] 110
INFO [2020-10-15 02:17:36] 
INFO [2020-10-15 02:17:36] $compression
INFO [2020-10-15 02:17:36] [1] "lzw"
INFO [2020-10-15 02:17:36] 
INFO [2020-10-15 02:17:36] $cex
INFO [2020-10-15 02:17:36] [1] 8
INFO [2020-10-15 02:17:36] 
INFO [2020-10-15 02:17:36] $cat.cex
INFO [2020-10-15 02:17:36] [1] 8
INFO [2020-10-15 02:17:36] 
INFO [2020-10-15 02:17:36] $fill
INFO [2020-10-15 02:17:36] c("#1B9E77", "#E7298A")
INFO [2020-10-15 02:17:36] 
INFO [2020-10-15 02:17:36] $cat.pos
INFO [2020-10-15 02:17:36] c(-1, 2)
INFO [2020-10-15 02:17:36] 
INFO [2020-10-15 02:17:36] $cat.default.pos
INFO [2020-10-15 02:17:36] [1] "text"
INFO [2020-10-15 02:17:36] 
INFO [2020-10-15 02:17:36] $cat.dist
INFO [2020-10-15 02:17:36] c(0.16, 0.18)
INFO [2020-10-15 02:17:36] 
INFO [2020-10-15 02:17:36] $width
INFO [2020-10-15 02:17:36] [1] 3000
INFO [2020-10-15 02:17:36] 
